
DB success
InitTable
table success
[GIN-debug] [WARNING] Creating an Engine instance with the Logger and Recovery middleware already attached.

[GIN-debug] [WARNING] Running in "debug" mode. Switch to "release" mode in production.
 - using env:	export GIN_MODE=release
 - using code:	gin.SetMode(gin.ReleaseMode)

[GIN-debug] GET    /                         --> goproject/short_chain/initialzes.InitRouter.func1 (3 handlers)
[GIN-debug] POST   /add                      --> goproject/short_chain/controllers.Add (3 handlers)
[GIN-debug] POST   /list                     --> goproject/short_chain/controllers.List (3 handlers)
[GIN-debug] POST   /update                   --> goproject/short_chain/controllers.Update (3 handlers)
[GIN-debug] POST   /delete                   --> goproject/short_chain/controllers.Delete (3 handlers)
[GIN-debug] GET    /short/:original_link     --> goproject/short_chain/controllers.Mapping (3 handlers)
[GIN-debug] [WARNING] You trusted all proxies, this is NOT safe. We recommend you to set a value.
Please check https://pkg.go.dev/github.com/gin-gonic/gin#readme-don-t-trust-all-proxies for details.
[GIN-debug] Listening and serving HTTP on :8000
[GIN-debug] [ERROR] listen tcp :8000: bind: address already in use
DB success
InitTable
table success
[GIN-debug] [WARNING] Creating an Engine instance with the Logger and Recovery middleware already attached.

[GIN-debug] [WARNING] Running in "debug" mode. Switch to "release" mode in production.
 - using env:	export GIN_MODE=release
 - using code:	gin.SetMode(gin.ReleaseMode)

[GIN-debug] GET    /                         --> goproject/short_chain/initialzes.InitRouter.func1 (3 handlers)
[GIN-debug] POST   /add                      --> goproject/short_chain/controllers.Add (3 handlers)
[GIN-debug] POST   /list                     --> goproject/short_chain/controllers.List (3 handlers)
[GIN-debug] POST   /update                   --> goproject/short_chain/controllers.Update (3 handlers)
[GIN-debug] POST   /delete                   --> goproject/short_chain/controllers.Delete (3 handlers)
[GIN-debug] GET    /short/:original_link     --> goproject/short_chain/controllers.Mapping (3 handlers)
[GIN-debug] [WARNING] You trusted all proxies, this is NOT safe. We recommend you to set a value.
Please check https://pkg.go.dev/github.com/gin-gonic/gin#readme-don-t-trust-all-proxies for details.
[GIN-debug] Listening and serving HTTP on :8001
[GIN] 2022/08/31 - 18:39:06 | 200 |   19.631628ms |       127.0.0.1 | POST     "/add"
